10.159300
5.643450
4.671569
9.026818
10.719066
6.929825
10.574298
6.739667
11.988292
8.275773
13.325765
9.205350
9.013513
8.379504
10.688356
12.959991
10.073924
7.475153
14.989894
11.110479
9.917030
14.030456
8.942677
9.708834
15.288614
10.478240
14.635749
7.775277
10.196135
4.971615
5.069859
13.962260
10.135328
11.829539
13.016927
15.513952
15.852279
11.591182
7.691475
11.611916
6.888526
11.111210
10.802520
12.950504
11.894207
8.002705
13.353437
10.576506
6.973868
16.398225
14.467517
12.051355
6.323446
11.201817
12.121976
9.813135
9.421349
10.703467
10.501699
11.133909
7.139616
8.046914
7.116300
7.641930
7.564034
13.320117
15.348452
5.264623
11.830268
5.764789
11.217322
4.419448
16.010400
7.202672
12.635523
9.066976
13.974963
10.169171
11.052722
6.296889
7.465864
10.406402
8.264862
10.392748
15.250734
8.334004
5.393117
14.869955
6.564426
6.710401
12.789731
9.162723
10.393713
13.967089
8.730972
13.479754
14.384518
11.239029
10.769586
8.143364
12.797764
13.047050
11.237135
10.299342
10.478957
9.497437
12.900232
3.076806
13.827383
13.041193
15.099059
9.873188
14.948728
11.049796
10.110447
14.981315
11.890209
13.261987
9.832507
7.178320
13.680835
10.431024
6.655876
10.158901
8.865531
8.780788
11.255791
7.995730
4.992102
15.671581
10.941037
12.710334
5.225102
8.065211
8.325053
8.517521
9.454929
15.276720
7.925019
13.015297
13.012684
14.536507
9.612614
11.281413
7.448760
11.939289
8.604148
11.336340
7.744594
13.038872
10.811481
13.802594
13.027970
7.080830
9.304898
10.363631
9.774804
12.349701
12.135918
13.800289
4.285036
10.578189
10.532911
9.466371
9.814879
13.826352
12.801761
8.406082
11.391039
12.849119
14.943738
7.294167
8.503958
1.535521
9.194918
11.114674
12.599517
9.806065
11.827649
15.368278
7.704356
12.781421
7.672697
5.577552
5.395069
2.451740
10.376237
6.752740
6.526294
11.500532
11.307880
10.109557
12.231253
14.320995
12.756432
10.223413
10.057190
8.349890
8.711040
6.514951
11.967104
9.717999
10.595327
13.625602
13.445479
12.293753
11.522920
9.782369
10.066747
9.908967
8.817286
11.164976
8.713096
13.260810
16.464499
10.082446
10.862014
10.040391
12.230436
2.436296
11.471517
14.545961
11.595651
15.552833
6.758747
11.977319
11.619252
12.949813
4.809289
13.078154
7.917298
8.851121
13.785091
5.530741
13.365034
8.660233
13.574658
10.970713
17.220673
9.112918
11.989644
6.762041
11.101904
15.006784
12.802051
9.459044
14.684012
8.607526
8.200288
8.596483
11.837372
8.743851
14.614887
11.283196
12.540891
12.188722
10.408408
6.613753
13.874857
12.258162
13.204907
8.271302
13.703501
13.645789
12.245254
15.145545
12.571192
9.942435
10.883818
13.874418
9.681735
11.248466
11.391982
9.713519
7.765605
10.770009
9.016063
12.717229
8.948308
13.826720
4.301067
10.725302
9.550967
14.253018
8.532192
16.127808
11.867834
5.167866
10.105523
7.136995
6.519054
10.942366
12.321993
5.900292
13.697569
9.259554
12.680074
12.058236
8.435148
5.740090
12.199877
8.673300
7.785080
8.843610
8.299834
11.608379
9.418099
11.685032
2.962783
7.285744
8.511067
10.512815
9.492771
5.614338
11.193869
6.561054
6.524169
8.781979
5.355751
8.703178
13.768000
10.284014
6.139344
5.513239
12.588490
10.521125
6.925071
7.297636
8.606505
8.062433
10.883230
10.038488
7.933316
12.750929
8.079848
10.750893
9.458886
10.580489
10.031970
13.584733
8.539276
8.253479
8.706987
11.173523
7.048612
8.523509
15.823578
9.688121
10.592122
12.464081
4.071450
13.115553
7.528247
9.307071
5.364341
13.781650
5.587039
16.450168
4.593445
14.077986
13.239823
14.004108
13.023018
7.100660
10.787024
6.042869
12.384552
8.419216
11.672542
7.634438
9.761618
12.760307
9.222053
10.236052
8.625473
8.026673
13.904814
9.869443
11.392967
8.559169
11.499135
5.534750
7.236648
3.326819
19.186683
9.969505
6.343689
10.437641
7.461183
14.850391
8.209982
7.328877
10.852364
13.059206
10.106845
8.357696
10.497389
8.340092
8.001856
5.596717
15.394820
9.422958
12.226595
10.893930
10.223144
6.156352
14.406798
9.895905
12.149080
10.643903
8.783243
13.492289
18.204078
8.925276
11.774177
12.145905
10.383383
10.791948
10.246501
9.209764
4.392054
9.032818
8.651395
11.825460
6.022027
12.504352
11.797673
13.888836
9.151770
9.699143
7.405734
12.378289
11.627196
15.999331
9.930818
11.033228
9.354094
13.437609
7.249351
11.605694
9.458942
4.595644
10.414316
9.070184
8.455556
14.619344
8.421458
3.238851
12.040285
9.222111
10.188642
13.298370
7.227642
13.864545
10.711064
9.160224
5.381982
12.318053
13.013169
4.946659
9.756417
10.288728
12.636433
8.663773
12.026273
9.175567
13.534307
12.351437
0.656797
10.544127
4.755714
9.235099
10.364582
13.529215
12.686965
10.134992
9.617127
13.253711
12.838383
8.472787
7.699776
11.838537
9.853308
8.991213
9.035093
12.254100
10.802964
13.981615
8.383806
4.903623
10.510535
8.015283
6.402780
13.008942
9.248192
9.994139
9.272992
4.580167
12.607940
10.949094
8.160670
7.622668
8.459683
9.066530
7.173719
12.972617
13.779363
13.719715
10.513306
12.772564
9.106394
8.361771
10.921395
6.327859
10.215901
7.764516
10.376420
11.526162
10.790963
13.939736
11.343749
6.397817
7.315933
10.537486
8.152641
6.873359
9.448524
10.857773
13.146959
9.004184
7.892546
9.131061
13.906455
12.269972
9.139441
9.607450
11.428859
7.211004
8.069080
6.664279
19.302746
11.132213
11.697672
12.023010
11.640935
17.045422
9.033645
8.225482
8.508404
5.223183
10.775215
6.068693
2.089212
9.560088
9.546530
9.770576
10.122725
7.995988
7.672244
6.969267
6.233729
8.158740
9.684921
12.757056
11.656175
9.291447
8.295926
14.053180
16.600120
9.477067
11.965961
8.184927
8.441137
11.396909
8.063049
8.458025
12.213360
12.063937
12.170788
9.917416
10.930062
19.263751
8.233466
7.553642
14.165892
9.563830
10.116723
6.104143
7.240226
10.029844
12.040833
7.295426
12.744756
7.442304
5.434208
12.678765
10.826712
12.007664
12.551169
10.565559
12.184103
9.474223
8.862230
7.697845
5.716705
13.990382
12.660475
11.764013
11.166775
8.553919
7.087877
7.421625
11.111055
5.486024
8.501072
8.403904
10.410220
12.341184
10.854475
17.672278
16.953640
13.876791
7.671799
8.269909
8.157630
9.495405
9.806885
7.329436
14.675877
6.279629
7.210492
6.409007
6.163226
11.490195
11.739683
10.822341
12.845135
15.359221
13.791934
11.201066
9.156270
5.566849
9.055822
12.672099
11.923398
3.489406
6.428294
10.834344
11.186965
13.150029
10.554392
12.131363
9.450475
14.799002
14.686231
9.944928
6.228264
7.294194
12.163905
7.957998
10.494241
8.276401
12.884468
9.976144
17.028176
10.010641
10.407615
7.865973
13.277111
9.828750
8.517056
10.405829
11.800175
14.144865
14.011945
10.767740
11.211332
5.719709
9.395338
12.107022
13.004989
10.426964
15.631841
10.879558
9.721367
7.205911
9.091533
5.715243
14.137962
6.730214
16.450821
11.099150
13.945105
11.713252
8.171717
7.013769
7.320436
7.694839
6.356949
6.651908
17.367109
5.868535
10.658909
11.485215
12.429578
4.940503
15.673975
8.340234
9.410282
8.774899
13.061775
8.518137
8.993722
7.382180
9.909740
7.340288
6.204336
14.620455
12.173047
10.789747
5.861612
3.479915
8.145750
12.710473
7.250362
14.237165
14.685969
11.298483
14.818552
7.030938
10.234306
10.344651
13.036284
9.906927
10.729934
12.977425
9.646377
7.835702
6.476097
9.718227
9.779653
3.382337
16.305238
11.308314
10.300611
11.087893
6.346184
5.273812
8.412430
7.335871
9.105374
7.379153
10.193173
14.098620
9.080070
10.827869
10.554228
10.726676
13.871987
10.166451
10.877147
9.568397
4.883015
10.588698
6.715864
9.131055
8.448392
6.842892
10.351755
11.537202
8.143031
17.700725
12.547260
6.944495
10.563892
4.188309
14.316447
9.504459
6.881578
11.348604
8.535578
7.514604
11.261341
3.124011
9.637565
12.909599
9.492110
10.015579
6.699151
6.482513
12.622978
7.544476
12.045767
7.313394
12.477145
10.398097
11.985544
8.198486
9.054062
5.322160
9.456622
10.821378
9.192944
12.937760
9.248275
9.019233
7.670986
16.294377
10.937341
9.691137
8.545056
9.226254
9.964737
7.807291
9.019324
7.306002
7.537993
12.671342
10.786694
9.789856
8.296489
4.627320
9.395583
7.658364
13.243976
9.075411
12.944188
12.345801
7.711155
11.781024
9.912136
8.121663
4.634174
10.741377
10.190843
2.332214
8.778883
13.302270
12.025429
12.832725
9.723233
8.216748
14.421393
11.405811
8.666899
5.227334
11.431165
9.320766
11.145603
12.538757
9.328487
10.161811
8.926000
14.264926
10.935421
13.072127
10.111207
11.854595
9.086573
7.373305
10.166515
5.378331
8.911118
12.342239
7.131720
10.684050
7.903038
7.922799
9.279438
10.299550
11.989507
12.162680
7.869699
13.419007
12.363751
10.624643
9.085426
8.754674
10.488639
11.686544
9.114334
12.520579
13.167247
13.877487
12.620725
11.904064
7.658674
10.877635
13.542685
10.541253
11.242971
8.789679
14.413381
9.555092
14.173233
9.755560
5.967247
4.765604
11.855202
13.140913
9.610867
7.753875
8.912136
6.832246
8.648868
8.339288
10.470147
5.855236
12.130578
9.933496
10.635627
10.422790
9.003114
9.161221
10.807178
13.666210
14.387032
13.335988
12.376421
8.895400
13.845908
8.584013
7.856581
12.249489
8.849451
9.374738
6.782977
10.953764
4.113609
6.723577
10.155445
14.793219
9.804269
18.770598
13.349384
10.180874
10.380080
6.629353
9.223462
10.924459
12.102314
8.534753
12.210537
15.464925
7.797115
13.648718
10.589817
7.067702
10.669199
8.403854
7.459612
6.515470
11.646463
14.034668
10.448922
7.420905
8.592714
9.454776
8.278359
6.218866
8.677043
11.645795
10.187376
12.407961
4.103179
11.069649
10.245624
9.867413
8.060039
12.806638
11.813988
16.106419
10.872319
14.348153
7.900744
8.387590
5.018092
12.513165
9.626818
12.886771
11.666671
8.303470
5.011330
15.902057
11.502135
12.135044
10.595760
6.933890
6.843185
10.246334
8.508886
11.463716
6.503298
12.793591
5.681107
7.779832
13.571601
7.510098
11.927245
6.219011
