2018-08-27 16:09:44.566 [ methodsall ] (DEBUG) 0---0x7e5486 ?? 0x3bfdef
2018-08-27 16:09:44.567 [ methodsall ] (DEBUG) 1---0x7e5486 ?? 0x3ccd79
2018-08-27 16:09:44.568 [ methodsall ] (DEBUG) 2---0x7e5486 ?? 0x81f1c6
2018-08-27 16:09:44.571 [ methodsall ] (DEBUG) ['0x3bfdef', '0x3ccd79', '0x81f1c6', '0x83d0e8', '0x84e07e', '0x86c150', '0x88a07c', '0x8a8152', '0x8db1c4', '0x8f90ea', '0xe075dd', '0xe254f3', '0xe56465', '0xe7454b', '0xe92467', '0xee14f1']
2018-08-27 16:09:44.572 [ methodsall ] (DEBUG) {'0xe075dd': 0, '0xe7454b': 1, '0xee14f1': 2, '0xe92467': 3, '0x8db1c4': 4, '0x8a8152': 5, '0x83d0e8': 6, '0x84e07e': 7, '0x3bfdef': 8, '0x3ccd79': 9, '0x88a07c': 10, '0x8f90ea': 11, '0x86c150': 12, '0x81f1c6': 13, '0xe56465': 14, '0xe254f3': 15}
2018-08-27 16:09:44.574 [ methodsall ] (DEBUG) 0x81f1c6
2018-08-27 16:12:40.852 [ methodsall ] (DEBUG) 0---0x964e0e ?? 0x3bfdef
2018-08-27 16:12:40.854 [ methodsall ] (DEBUG) 1---0x964e0e ?? 0x3ccd79
2018-08-27 16:12:40.855 [ methodsall ] (DEBUG) 2---0x964e0e ?? 0x81f1c6
2018-08-27 16:12:40.858 [ methodsall ] (DEBUG) 3---0x964e0e ?? 0x83d0e8
2018-08-27 16:12:40.859 [ methodsall ] (DEBUG) 4---0x964e0e ?? 0x84e07e
2018-08-27 16:12:40.860 [ methodsall ] (DEBUG) 5---0x964e0e ?? 0x86c150
2018-08-27 16:12:40.860 [ methodsall ] (DEBUG) 6---0x964e0e ?? 0x88a07c
2018-08-27 16:12:40.864 [ methodsall ] (DEBUG) 7---0x964e0e ?? 0x8a8152
2018-08-27 16:12:40.867 [ methodsall ] (DEBUG) 8---0x964e0e ?? 0x8db1c4
2018-08-27 16:12:40.868 [ methodsall ] (DEBUG) 9---0x964e0e ?? 0x8f90ea
2018-08-27 16:12:40.875 [ methodsall ] (DEBUG) 10---0x964e0e ?? 0xe075dd
2018-08-27 16:12:40.876 [ methodsall ] (DEBUG) ['0x3bfdef', '0x3ccd79', '0x81f1c6', '0x83d0e8', '0x84e07e', '0x86c150', '0x88a07c', '0x8a8152', '0x8db1c4', '0x8f90ea', '0xe075dd', '0xe254f3', '0xe56465', '0xe7454b', '0xe92467', '0xee14f1']
2018-08-27 16:12:40.878 [ methodsall ] (DEBUG) {'0xe075dd': 0, '0xe7454b': 1, '0xee14f1': 2, '0xe92467': 3, '0x8db1c4': 4, '0x8a8152': 5, '0x83d0e8': 6, '0x84e07e': 7, '0x3bfdef': 8, '0x3ccd79': 9, '0x88a07c': 10, '0x8f90ea': 11, '0x86c150': 12, '0x81f1c6': 13, '0xe56465': 14, '0xe254f3': 15}
2018-08-27 16:12:40.884 [ methodsall ] (DEBUG) 0xe075dd
2018-08-27 16:14:36.396 [ methodsall ] (DEBUG) 0---0x1a8001 ?? 0x3bfdef
2018-08-27 16:14:36.398 [ methodsall ] (DEBUG) ['0x3bfdef', '0x3ccd79', '0x81f1c6', '0x83d0e8', '0x84e07e', '0x86c150', '0x88a07c', '0x8a8152', '0x8db1c4', '0x8f90ea', '0xe075dd', '0xe254f3', '0xe56465', '0xe7454b', '0xe92467', '0xee14f1']
2018-08-27 16:14:36.398 [ methodsall ] (DEBUG) {'0xe075dd': 0, '0xe7454b': 1, '0xee14f1': 2, '0xe92467': 3, '0x8db1c4': 4, '0x8a8152': 5, '0x83d0e8': 6, '0x84e07e': 7, '0x3bfdef': 8, '0x3ccd79': 9, '0x88a07c': 10, '0x8f90ea': 11, '0x86c150': 12, '0x81f1c6': 13, '0xe56465': 14, '0xe254f3': 15}
2018-08-27 16:14:36.399 [ methodsall ] (DEBUG) 0x3bfdef
2018-08-27 16:15:41.084 [ methodsall ] (DEBUG) 0---0x721a8001 ?? 0x12e56465
2018-08-27 16:15:41.086 [ methodsall ] (DEBUG) 1---0x721a8001 ?? 0x1588a07c
2018-08-27 16:15:41.087 [ methodsall ] (DEBUG) 2---0x721a8001 ?? 0x243bfdef
2018-08-27 16:15:41.087 [ methodsall ] (DEBUG) 3---0x721a8001 ?? 0x2ae075dd
2018-08-27 16:15:41.088 [ methodsall ] (DEBUG) 4---0x721a8001 ?? 0x2d8db1c4
2018-08-27 16:15:41.088 [ methodsall ] (DEBUG) 5---0x721a8001 ?? 0x533ccd79
2018-08-27 16:15:41.088 [ methodsall ] (DEBUG) 6---0x721a8001 ?? 0x5a8a8152
2018-08-27 16:15:41.089 [ methodsall ] (DEBUG) 7---0x721a8001 ?? 0x5de7454b
2018-08-27 16:15:41.091 [ methodsall ] (DEBUG) 8---0x721a8001 ?? 0x628f90ea
2018-08-27 16:15:41.092 [ methodsall ] (DEBUG) 9---0x721a8001 ?? 0x65e254f3
2018-08-27 16:15:41.095 [ methodsall ] (DEBUG) 10---0x721a8001 ?? 0x8c81f1c6
2018-08-27 16:15:41.097 [ methodsall ] (DEBUG) ['0x12e56465', '0x1588a07c', '0x243bfdef', '0x2ae075dd', '0x2d8db1c4', '0x533ccd79', '0x5a8a8152', '0x5de7454b', '0x628f90ea', '0x65e254f3', '0x8c81f1c6', '0xb3e92467', '0xb484e07e', '0xc383d0e8', '0xc4ee14f1', '0xfb86c150']
2018-08-27 16:15:41.098 [ methodsall ] (DEBUG) {'0x2ae075dd': 0, '0x5de7454b': 1, '0xc4ee14f1': 2, '0xb3e92467': 3, '0x2d8db1c4': 4, '0x5a8a8152': 5, '0xc383d0e8': 6, '0xb484e07e': 7, '0x243bfdef': 8, '0x533ccd79': 9, '0x1588a07c': 10, '0x628f90ea': 11, '0xfb86c150': 12, '0x8c81f1c6': 13, '0x12e56465': 14, '0x65e254f3': 15}
2018-08-27 16:15:41.098 [ methodsall ] (DEBUG) 0x8c81f1c6
2018-08-27 16:15:57.993 [ methodsall ] (DEBUG) 0---0x721a8001 ?? 0x12e56465
2018-08-27 16:15:57.995 [ methodsall ] (DEBUG) 1---0x721a8001 ?? 0x1588a07c
2018-08-27 16:15:57.996 [ methodsall ] (DEBUG) 2---0x721a8001 ?? 0x243bfdef
2018-08-27 16:15:57.999 [ methodsall ] (DEBUG) 3---0x721a8001 ?? 0x2ae075dd
2018-08-27 16:15:58.000 [ methodsall ] (DEBUG) 4---0x721a8001 ?? 0x2d8db1c4
2018-08-27 16:15:58.003 [ methodsall ] (DEBUG) 5---0x721a8001 ?? 0x533ccd79
2018-08-27 16:15:58.004 [ methodsall ] (DEBUG) 6---0x721a8001 ?? 0x5a8a8152
2018-08-27 16:15:58.006 [ methodsall ] (DEBUG) 7---0x721a8001 ?? 0x5de7454b
2018-08-27 16:15:58.011 [ methodsall ] (DEBUG) 8---0x721a8001 ?? 0x628f90ea
2018-08-27 16:15:58.016 [ methodsall ] (DEBUG) 9---0x721a8001 ?? 0x65e254f3
2018-08-27 16:15:58.017 [ methodsall ] (DEBUG) 10---0x721a8001 ?? 0x8c81f1c6
2018-08-27 16:15:58.019 [ methodsall ] (DEBUG) ['0x12e56465', '0x1588a07c', '0x243bfdef', '0x2ae075dd', '0x2d8db1c4', '0x533ccd79', '0x5a8a8152', '0x5de7454b', '0x628f90ea', '0x65e254f3', '0x8c81f1c6', '0xb3e92467', '0xb484e07e', '0xc383d0e8', '0xc4ee14f1', '0xfb86c150']
2018-08-27 16:15:58.020 [ methodsall ] (DEBUG) {'0x2ae075dd': 0, '0x5de7454b': 1, '0xc4ee14f1': 2, '0xb3e92467': 3, '0x2d8db1c4': 4, '0x5a8a8152': 5, '0xc383d0e8': 6, '0xb484e07e': 7, '0x243bfdef': 8, '0x533ccd79': 9, '0x1588a07c': 10, '0x628f90ea': 11, '0xfb86c150': 12, '0x8c81f1c6': 13, '0x12e56465': 14, '0x65e254f3': 15}
2018-08-27 16:15:58.022 [ methodsall ] (DEBUG) 0x8c81f1c6
2018-08-27 16:17:44.163 [ methodsall ] (DEBUG) 0---0x4b964e0e ?? 0x12e56465
2018-08-27 16:17:44.164 [ methodsall ] (DEBUG) 1---0x4b964e0e ?? 0x1588a07c
2018-08-27 16:17:44.167 [ methodsall ] (DEBUG) 2---0x4b964e0e ?? 0x243bfdef
2018-08-27 16:17:44.168 [ methodsall ] (DEBUG) 3---0x4b964e0e ?? 0x2ae075dd
2018-08-27 16:17:44.171 [ methodsall ] (DEBUG) 4---0x4b964e0e ?? 0x2d8db1c4
2018-08-27 16:17:44.172 [ methodsall ] (DEBUG) 5---0x4b964e0e ?? 0x533ccd79
2018-08-27 16:17:44.174 [ methodsall ] (DEBUG) ['0x12e56465', '0x1588a07c', '0x243bfdef', '0x2ae075dd', '0x2d8db1c4', '0x533ccd79', '0x5a8a8152', '0x5de7454b', '0x628f90ea', '0x65e254f3', '0x8c81f1c6', '0xb3e92467', '0xb484e07e', '0xc383d0e8', '0xc4ee14f1', '0xfb86c150']
2018-08-27 16:17:44.174 [ methodsall ] (DEBUG) {'0x2ae075dd': 0, '0x5de7454b': 1, '0xc4ee14f1': 2, '0xb3e92467': 3, '0x2d8db1c4': 4, '0x5a8a8152': 5, '0xc383d0e8': 6, '0xb484e07e': 7, '0x243bfdef': 8, '0x533ccd79': 9, '0x1588a07c': 10, '0x628f90ea': 11, '0xfb86c150': 12, '0x8c81f1c6': 13, '0x12e56465': 14, '0x65e254f3': 15}
2018-08-27 16:17:44.174 [ methodsall ] (DEBUG) 0x533ccd79
2018-08-27 16:17:56.737 [ methodsall ] (DEBUG) 0---0x2a7e5486 ?? 0x12e56465
2018-08-27 16:17:56.739 [ methodsall ] (DEBUG) 1---0x2a7e5486 ?? 0x1588a07c
2018-08-27 16:17:56.740 [ methodsall ] (DEBUG) 2---0x2a7e5486 ?? 0x243bfdef
2018-08-27 16:17:56.740 [ methodsall ] (DEBUG) 3---0x2a7e5486 ?? 0x2ae075dd
2018-08-27 16:17:56.740 [ methodsall ] (DEBUG) ['0x12e56465', '0x1588a07c', '0x243bfdef', '0x2ae075dd', '0x2d8db1c4', '0x533ccd79', '0x5a8a8152', '0x5de7454b', '0x628f90ea', '0x65e254f3', '0x8c81f1c6', '0xb3e92467', '0xb484e07e', '0xc383d0e8', '0xc4ee14f1', '0xfb86c150']
2018-08-27 16:17:56.740 [ methodsall ] (DEBUG) {'0x2ae075dd': 0, '0x5de7454b': 1, '0xc4ee14f1': 2, '0xb3e92467': 3, '0x2d8db1c4': 4, '0x5a8a8152': 5, '0xc383d0e8': 6, '0xb484e07e': 7, '0x243bfdef': 8, '0x533ccd79': 9, '0x1588a07c': 10, '0x628f90ea': 11, '0xfb86c150': 12, '0x8c81f1c6': 13, '0x12e56465': 14, '0x65e254f3': 15}
2018-08-27 16:17:56.742 [ methodsall ] (DEBUG) 0x2ae075dd
2018-08-27 16:27:49.711 [ methodsall ] (DEBUG) 0---712922246 ?? 317023333
2018-08-27 16:27:49.712 [ methodsall ] (DEBUG) 1---712922246 ?? 361275516
2018-08-27 16:27:49.712 [ methodsall ] (DEBUG) 2---712922246 ?? 607911407
2018-08-27 16:27:49.713 [ methodsall ] (DEBUG) 3---712922246 ?? 719353309
2018-08-27 16:27:49.713 [ methodsall ] (DEBUG) [317023333, 361275516, 607911407, 719353309, 764260804, 1396493689, 1519026514, 1575437643, 1653575914, 1709331699, 2357326278, 3018400871, 3028607102, 3280195816, 3303937265, 4219912528]
2018-08-27 16:27:49.715 [ methodsall ] (DEBUG) {'719353309': 0, '1575437643': 1, '3303937265': 2, '3018400871': 3, '764260804': 4, '1519026514': 5, '3280195816': 6, '3028607102': 7, '607911407': 8, '1396493689': 9, '361275516': 10, '1653575914': 11, '4219912528': 12, '2357326278': 13, '317023333': 14, '1709331699': 15}
2018-08-27 16:27:49.716 [ methodsall ] (DEBUG) 719353309
2018-08-27 16:28:00.884 [ methodsall ] (DEBUG) 0---712922246 ?? 317023333
2018-08-27 16:28:00.884 [ methodsall ] (DEBUG) 1---712922246 ?? 361275516
2018-08-27 16:28:00.886 [ methodsall ] (DEBUG) 2---712922246 ?? 607911407
2018-08-27 16:28:00.886 [ methodsall ] (DEBUG) 3---712922246 ?? 719353309
2018-08-27 16:28:00.887 [ methodsall ] (DEBUG) [317023333, 361275516, 607911407, 719353309, 764260804, 1396493689, 1519026514, 1575437643, 1653575914, 1709331699, 2357326278, 3018400871, 3028607102, 3280195816, 3303937265, 4219912528]
2018-08-27 16:28:00.887 [ methodsall ] (DEBUG) {'719353309': 0, '1575437643': 1, '3303937265': 2, '3018400871': 3, '764260804': 4, '1519026514': 5, '3280195816': 6, '3028607102': 7, '607911407': 8, '1396493689': 9, '361275516': 10, '1653575914': 11, '4219912528': 12, '2357326278': 13, '317023333': 14, '1709331699': 15}
2018-08-27 16:28:00.887 [ methodsall ] (DEBUG) 719353309
2018-08-27 16:29:28.852 [ methodsall ] (DEBUG) tbl_ques_result0
2018-08-27 16:29:28.854 [ methodsall ] (DEBUG) tbl_ques_result1
2018-08-27 16:29:28.855 [ methodsall ] (DEBUG) tbl_ques_result2
2018-08-27 16:29:28.855 [ methodsall ] (DEBUG) tbl_ques_result3
2018-08-27 16:29:28.855 [ methodsall ] (DEBUG) tbl_ques_result4
2018-08-27 16:29:28.856 [ methodsall ] (DEBUG) tbl_ques_result5
2018-08-27 16:29:28.856 [ methodsall ] (DEBUG) tbl_ques_result6
2018-08-27 16:29:28.857 [ methodsall ] (DEBUG) tbl_ques_result7
2018-08-27 16:29:28.857 [ methodsall ] (DEBUG) tbl_ques_result8
2018-08-27 16:29:28.858 [ methodsall ] (DEBUG) tbl_ques_result9
2018-08-27 16:29:28.858 [ methodsall ] (DEBUG) tbl_ques_result10
2018-08-27 16:29:28.859 [ methodsall ] (DEBUG) tbl_ques_result11
2018-08-27 16:29:28.859 [ methodsall ] (DEBUG) tbl_ques_result12
2018-08-27 16:29:28.860 [ methodsall ] (DEBUG) tbl_ques_result13
2018-08-27 16:29:28.860 [ methodsall ] (DEBUG) tbl_ques_result14
2018-08-27 16:29:28.862 [ methodsall ] (DEBUG) tbl_ques_result15
2018-08-27 16:29:28.862 [ methodsall ] (DEBUG) 0---712922246 ?? 317023333
2018-08-27 16:29:28.863 [ methodsall ] (DEBUG) 1---712922246 ?? 361275516
2018-08-27 16:29:28.863 [ methodsall ] (DEBUG) 2---712922246 ?? 607911407
2018-08-27 16:29:28.864 [ methodsall ] (DEBUG) 3---712922246 ?? 719353309
2018-08-27 16:29:28.864 [ methodsall ] (DEBUG) [317023333, 361275516, 607911407, 719353309, 764260804, 1396493689, 1519026514, 1575437643, 1653575914, 1709331699, 2357326278, 3018400871, 3028607102, 3280195816, 3303937265, 4219912528]
2018-08-27 16:29:28.865 [ methodsall ] (DEBUG) {'719353309': 0, '1575437643': 1, '3303937265': 2, '3018400871': 3, '764260804': 4, '1519026514': 5, '3280195816': 6, '3028607102': 7, '607911407': 8, '1396493689': 9, '361275516': 10, '1653575914': 11, '4219912528': 12, '2357326278': 13, '317023333': 14, '1709331699': 15}
2018-08-27 16:29:28.865 [ methodsall ] (DEBUG) 719353309
2018-08-27 16:29:43.924 [ methodsall ] (DEBUG) tbl_ques_result_0
2018-08-27 16:29:43.924 [ methodsall ] (DEBUG) tbl_ques_result_1
2018-08-27 16:29:43.924 [ methodsall ] (DEBUG) tbl_ques_result_2
2018-08-27 16:29:43.926 [ methodsall ] (DEBUG) tbl_ques_result_3
2018-08-27 16:29:43.927 [ methodsall ] (DEBUG) tbl_ques_result_4
2018-08-27 16:29:43.927 [ methodsall ] (DEBUG) tbl_ques_result_5
2018-08-27 16:29:43.927 [ methodsall ] (DEBUG) tbl_ques_result_6
2018-08-27 16:29:43.928 [ methodsall ] (DEBUG) tbl_ques_result_7
2018-08-27 16:29:43.929 [ methodsall ] (DEBUG) tbl_ques_result_8
2018-08-27 16:29:43.930 [ methodsall ] (DEBUG) tbl_ques_result_9
2018-08-27 16:29:43.931 [ methodsall ] (DEBUG) tbl_ques_result_10
2018-08-27 16:29:43.932 [ methodsall ] (DEBUG) tbl_ques_result_11
2018-08-27 16:29:43.934 [ methodsall ] (DEBUG) tbl_ques_result_12
2018-08-27 16:29:43.935 [ methodsall ] (DEBUG) tbl_ques_result_13
2018-08-27 16:29:43.936 [ methodsall ] (DEBUG) tbl_ques_result_14
2018-08-27 16:29:43.937 [ methodsall ] (DEBUG) tbl_ques_result_15
2018-08-27 16:29:43.937 [ methodsall ] (DEBUG) 0---712922246 ?? 16287609
2018-08-27 16:29:43.939 [ methodsall ] (DEBUG) 1---712922246 ?? 127222624
2018-08-27 16:29:43.939 [ methodsall ] (DEBUG) 2---712922246 ?? 404872401
2018-08-27 16:29:43.940 [ methodsall ] (DEBUG) 3---712922246 ?? 1864821831
2018-08-27 16:29:43.940 [ methodsall ] (DEBUG) [16287609, 127222624, 404872401, 1864821831, 1888646134, 2013247471, 2166918507, 2252687730, 2536136433, 2582763203, 2661028570, 3761073767, 3919258188, 4009158229, 4047665636, 4130323965]
2018-08-27 16:29:43.940 [ methodsall ] (DEBUG) {'4009158229': 0, '2582763203': 1, '16287609': 2, '2013247471': 3, '3919258188': 4, '2661028570': 5, '127222624': 6, '1888646134': 7, '3761073767': 8, '2536136433': 9, '4130323965': 10, '2166918507': 11, '404872401': 12, '1864821831': 13, '4047665636': 14, '2252687730': 15}
2018-08-27 16:29:43.943 [ methodsall ] (DEBUG) 1864821831
2018-08-28 09:56:28.196 [ methodsall ] (DEBUG) tbl_ques_result_0
2018-08-28 09:56:28.197 [ methodsall ] (DEBUG) tbl_ques_result_1
2018-08-28 09:56:28.198 [ methodsall ] (DEBUG) tbl_ques_result_2
2018-08-28 09:56:28.198 [ methodsall ] (DEBUG) tbl_ques_result_3
2018-08-28 09:56:28.199 [ methodsall ] (DEBUG) tbl_ques_result_4
2018-08-28 09:56:28.199 [ methodsall ] (DEBUG) tbl_ques_result_5
2018-08-28 09:56:28.200 [ methodsall ] (DEBUG) tbl_ques_result_6
2018-08-28 09:56:28.200 [ methodsall ] (DEBUG) tbl_ques_result_7
2018-08-28 09:56:28.201 [ methodsall ] (DEBUG) tbl_ques_result_8
2018-08-28 09:56:28.203 [ methodsall ] (DEBUG) tbl_ques_result_9
2018-08-28 09:56:28.203 [ methodsall ] (DEBUG) tbl_ques_result_10
2018-08-28 09:56:28.204 [ methodsall ] (DEBUG) tbl_ques_result_11
2018-08-28 09:56:28.204 [ methodsall ] (DEBUG) tbl_ques_result_12
2018-08-28 09:56:28.206 [ methodsall ] (DEBUG) tbl_ques_result_13
2018-08-28 09:56:28.206 [ methodsall ] (DEBUG) tbl_ques_result_14
2018-08-28 09:56:28.207 [ methodsall ] (DEBUG) tbl_ques_result_15
2018-08-28 09:56:28.207 [ methodsall ] (DEBUG) 0---712922246 ?? 16287609
2018-08-28 09:56:28.207 [ methodsall ] (DEBUG) 1---712922246 ?? 127222624
2018-08-28 09:56:28.209 [ methodsall ] (DEBUG) 2---712922246 ?? 404872401
2018-08-28 09:56:28.210 [ methodsall ] (DEBUG) 3---712922246 ?? 1864821831
2018-08-28 09:56:28.210 [ methodsall ] (DEBUG) [16287609, 127222624, 404872401, 1864821831, 1888646134, 2013247471, 2166918507, 2252687730, 2536136433, 2582763203, 2661028570, 3761073767, 3919258188, 4009158229, 4047665636, 4130323965]
2018-08-28 09:56:28.211 [ methodsall ] (DEBUG) {'4009158229': 0, '2582763203': 1, '16287609': 2, '2013247471': 3, '3919258188': 4, '2661028570': 5, '127222624': 6, '1888646134': 7, '3761073767': 8, '2536136433': 9, '4130323965': 10, '2166918507': 11, '404872401': 12, '1864821831': 13, '4047665636': 14, '2252687730': 15}
2018-08-28 09:56:28.214 [ methodsall ] (DEBUG) 1864821831
